<?xml version="1.0" encoding="UTF-8"?>
<!-- Generated by org.testng.reporters.JUnitXMLReporter -->
<testsuite ignored="0" hostname="DESKTOP-EMUU5D0" failures="1" tests="4" name="Test" time="0.094" errors="0" timestamp="2022-05-08T23:44:06 IST">
  <testcase classname="demopack.TC1" name="TestB" time="0.013">
    <failure type="java.lang.AssertionError" message="null">
      <![CDATA[java.lang.AssertionError: null
at demopack.TC1.TestB(TC1.java:31)
at java.base/java.util.ArrayList.forEach(ArrayList.java:1511)
... Removed 29 stack frames]]>
    </failure>
  </testcase> <!-- TestB -->
  <testcase classname="demopack.TC1" name="TestC" time="0.001"/>
  <testcase classname="demopack.TC1" name="TestA" time="0.0">
    <skipped/>
  </testcase> <!-- TestA -->
  <testcase classname="demopack.DemoClass" name="test" time="0.002"/>
</testsuite> <!-- Test -->
